<?xml version="1.0" encoding="UTF-8"?>
<!-- Generated by org.testng.reporters.JUnitXMLReporter -->
<testsuite hostname="DESKTOP-VSE91IF" ignored="0" name="Default test" tests="3" failures="0" timestamp="06 Aug 2021 19:09:25 GMT" time="5.447" errors="0">
  <testcase name="login" time="5.241" classname="org.cts.test.login.Java"/>
  <testcase name="login" time="5.331" classname="org.cts.test.login.Java"/>
  <testcase name="login" time="5.409" classname="org.cts.test.login.Java"/>
</testsuite> <!-- Default test -->
