<?xml version="1.0" encoding="UTF-8"?>
<testng-results skipped="0" failed="0" ignored="0" total="3" passed="3">
  <reporter-output>
  </reporter-output>
  <suite name="Default suite" duration-ms="5447" started-at="2021-08-06T19:09:20Z" finished-at="2021-08-06T19:09:25Z">
    <groups>
    </groups>
    <test name="Default test" duration-ms="5447" started-at="2021-08-06T19:09:20Z" finished-at="2021-08-06T19:09:25Z">
      <class name="org.cts.test.login.Java">
        <test-method status="PASS" signature="login(java.lang.String, java.lang.String)[pri:0, instance:org.cts.test.login.Java@12e61fe6]" name="login" duration-ms="5331" started-at="2021-08-06T19:09:20Z" data-provider="login" finished-at="2021-08-06T19:09:25Z">
          <params>
            <param index="0">
              <value>
                <![CDATA[ragul]]>
              </value>
            </param>
            <param index="1">
              <value>
                <![CDATA[rg78956]]>
              </value>
            </param>
          </params>
          <reporter-output>
          </reporter-output>
        </test-method> <!-- login -->
        <test-method status="PASS" signature="login(java.lang.String, java.lang.String)[pri:0, instance:org.cts.test.login.Java@12e61fe6]" name="login" duration-ms="5241" started-at="2021-08-06T19:09:20Z" data-provider="login" finished-at="2021-08-06T19:09:25Z">
          <params>
            <param index="0">
              <value>
                <![CDATA[raki]]>
              </value>
            </param>
            <param index="1">
              <value>
                <![CDATA[rak85693]]>
              </value>
            </param>
          </params>
          <reporter-output>
          </reporter-output>
        </test-method> <!-- login -->
        <test-method status="PASS" signature="login(java.lang.String, java.lang.String)[pri:0, instance:org.cts.test.login.Java@12e61fe6]" name="login" duration-ms="5409" started-at="2021-08-06T19:09:20Z" data-provider="login" finished-at="2021-08-06T19:09:25Z">
          <params>
            <param index="0">
              <value>
                <![CDATA[raj448]]>
              </value>
            </param>
            <param index="1">
              <value>
                <![CDATA[258963]]>
              </value>
            </param>
          </params>
          <reporter-output>
          </reporter-output>
        </test-method> <!-- login -->
      </class> <!-- org.cts.test.login.Java -->
    </test> <!-- Default test -->
  </suite> <!-- Default suite -->
</testng-results>
